<?xml version="1.0" encoding="UTF-8"?>
<testsuite name="eu.demo.service.EmployeeServiceTest" tests="2" skipped="0" failures="0" errors="0" timestamp="2021-10-22T15:13:24" hostname="DESKTOP-1QRTUM7" time="0.943">
  <properties/>
  <testcase name="findAll_expectedListRetrievedMapperCalled()" classname="eu.demo.service.EmployeeServiceTest" time="0.933"/>
  <testcase name="findAll_expectedEmptyListRetrieved()" classname="eu.demo.service.EmployeeServiceTest" time="0.009"/>
  <system-out><![CDATA[]]></system-out>
  <system-err><![CDATA[]]></system-err>
</testsuite>
